1482735146795	geckodriver	INFO	Listening on 127.0.0.1:50776
1482735147737	mozprofile::profile	INFO	Using profile path /var/folders/28/_zsk0n3s7q7gdx2sgqd0zpw00000gn/T/rust_mozprofile.7TuhKUZjVxUI
1482735147739	geckodriver::marionette	INFO	Starting browser /Applications/Firefox.app/Contents/MacOS/firefox-bin
1482735147751	geckodriver::marionette	INFO	Connecting to Marionette on localhost:50785
[warn] kq_init: detected broken kqueue; not using.: Undefined error: 0
1482735148242	Marionette	INFO	Listening on port 50785
[warn] kq_init: detected broken kqueue; not using.: Undefined error: 0
1482735197379	geckodriver	INFO	Listening on 127.0.0.1:50826
1482735198338	mozprofile::profile	INFO	Using profile path /var/folders/28/_zsk0n3s7q7gdx2sgqd0zpw00000gn/T/rust_mozprofile.xSe5vCtGbWl8
1482735198340	geckodriver::marionette	INFO	Starting browser /Applications/Firefox.app/Contents/MacOS/firefox-bin
1482735198345	geckodriver::marionette	INFO	Connecting to Marionette on localhost:50835
[warn] kq_init: detected broken kqueue; not using.: Undefined error: 0
1482735198794	Marionette	INFO	Listening on port 50835
[warn] kq_init: detected broken kqueue; not using.: Undefined error: 0
1482735276200	geckodriver	INFO	Listening on 127.0.0.1:50894
1482735277164	mozprofile::profile	INFO	Using profile path /var/folders/28/_zsk0n3s7q7gdx2sgqd0zpw00000gn/T/rust_mozprofile.6AZhrITJYEIU
1482735277166	geckodriver::marionette	INFO	Starting browser /Applications/Firefox.app/Contents/MacOS/firefox-bin
1482735277170	geckodriver::marionette	INFO	Connecting to Marionette on localhost:50903
[warn] kq_init: detected broken kqueue; not using.: Undefined error: 0
1482735277607	Marionette	INFO	Listening on port 50903
[warn] kq_init: detected broken kqueue; not using.: Undefined error: 0
1482735343138	geckodriver	INFO	Listening on 127.0.0.1:50956
1482735344097	mozprofile::profile	INFO	Using profile path /var/folders/28/_zsk0n3s7q7gdx2sgqd0zpw00000gn/T/rust_mozprofile.35dJXycwZ1Kg
1482735344099	geckodriver::marionette	INFO	Starting browser /Applications/Firefox.app/Contents/MacOS/firefox-bin
1482735344104	geckodriver::marionette	INFO	Connecting to Marionette on localhost:50965
[warn] kq_init: detected broken kqueue; not using.: Undefined error: 0
1482735344546	Marionette	INFO	Listening on port 50965
[warn] kq_init: detected broken kqueue; not using.: Undefined error: 0
[Child 60928] ###!!! ABORT: Aborting on channel error.: file /builds/slave/m-rel-m64-00000000000000000000/build/src/ipc/glue/MessageChannel.cpp, line 2056
[Child 60928] ###!!! ABORT: Aborting on channel error.: file /builds/slave/m-rel-m64-00000000000000000000/build/src/ipc/glue/MessageChannel.cpp, line 2056
1482735384005	geckodriver	INFO	Listening on 127.0.0.1:51018
1482735384970	mozprofile::profile	INFO	Using profile path /var/folders/28/_zsk0n3s7q7gdx2sgqd0zpw00000gn/T/rust_mozprofile.oejVLd3dBpG3
1482735384972	geckodriver::marionette	INFO	Starting browser /Applications/Firefox.app/Contents/MacOS/firefox-bin
1482735384976	geckodriver::marionette	INFO	Connecting to Marionette on localhost:51028
[warn] kq_init: detected broken kqueue; not using.: Undefined error: 0
1482735385424	Marionette	INFO	Listening on port 51028
[warn] kq_init: detected broken kqueue; not using.: Undefined error: 0
[Child 61116] ###!!! ABORT: Aborting on channel error.: file /builds/slave/m-rel-m64-00000000000000000000/build/src/ipc/glue/MessageChannel.cpp, line 2056
[Child 61116] ###!!! ABORT: Aborting on channel error.: file /builds/slave/m-rel-m64-00000000000000000000/build/src/ipc/glue/MessageChannel.cpp, line 2056
1482735408461	geckodriver	INFO	Listening on 127.0.0.1:51066
1482735409425	mozprofile::profile	INFO	Using profile path /var/folders/28/_zsk0n3s7q7gdx2sgqd0zpw00000gn/T/rust_mozprofile.XuJpCwkIX6N3
1482735409426	geckodriver::marionette	INFO	Starting browser /Applications/Firefox.app/Contents/MacOS/firefox-bin
1482735409432	geckodriver::marionette	INFO	Connecting to Marionette on localhost:51075
[warn] kq_init: detected broken kqueue; not using.: Undefined error: 0
1482735409868	Marionette	INFO	Listening on port 51075
[warn] kq_init: detected broken kqueue; not using.: Undefined error: 0
1482735431025	geckodriver	INFO	Listening on 127.0.0.1:51118
1482735431988	mozprofile::profile	INFO	Using profile path /var/folders/28/_zsk0n3s7q7gdx2sgqd0zpw00000gn/T/rust_mozprofile.mxMZ5WAvchnX
1482735431991	geckodriver::marionette	INFO	Starting browser /Applications/Firefox.app/Contents/MacOS/firefox-bin
1482735431994	geckodriver::marionette	INFO	Connecting to Marionette on localhost:51127
[warn] kq_init: detected broken kqueue; not using.: Undefined error: 0
1482735432447	Marionette	INFO	Listening on port 51127
[warn] kq_init: detected broken kqueue; not using.: Undefined error: 0
1482735464541	geckodriver	INFO	Listening on 127.0.0.1:51163
1482735465503	mozprofile::profile	INFO	Using profile path /var/folders/28/_zsk0n3s7q7gdx2sgqd0zpw00000gn/T/rust_mozprofile.kUrgbtDWDs55
1482735465504	geckodriver::marionette	INFO	Starting browser /Applications/Firefox.app/Contents/MacOS/firefox-bin
1482735465508	geckodriver::marionette	INFO	Connecting to Marionette on localhost:51172
[warn] kq_init: detected broken kqueue; not using.: Undefined error: 0
1482735465943	Marionette	INFO	Listening on port 51172
[warn] kq_init: detected broken kqueue; not using.: Undefined error: 0
1482735487644	geckodriver	INFO	Listening on 127.0.0.1:51205
1482735488607	mozprofile::profile	INFO	Using profile path /var/folders/28/_zsk0n3s7q7gdx2sgqd0zpw00000gn/T/rust_mozprofile.mQQe6dodREyF
1482735488609	geckodriver::marionette	INFO	Starting browser /Applications/Firefox.app/Contents/MacOS/firefox-bin
1482735488612	geckodriver::marionette	INFO	Connecting to Marionette on localhost:51214
[warn] kq_init: detected broken kqueue; not using.: Undefined error: 0
1482735489053	Marionette	INFO	Listening on port 51214
[warn] kq_init: detected broken kqueue; not using.: Undefined error: 0
[Child 61823] ###!!! ABORT: Aborting on channel error.: file /builds/slave/m-rel-m64-00000000000000000000/build/src/ipc/glue/MessageChannel.cpp, line 2056
[Child 61823] ###!!! ABORT: Aborting on channel error.: file /builds/slave/m-rel-m64-00000000000000000000/build/src/ipc/glue/MessageChannel.cpp, line 2056
1482735692251	geckodriver	INFO	Listening on 127.0.0.1:51320
1482735693207	mozprofile::profile	INFO	Using profile path /var/folders/28/_zsk0n3s7q7gdx2sgqd0zpw00000gn/T/rust_mozprofile.RNiqjYHtNE5K
1482735693209	geckodriver::marionette	INFO	Starting browser /Applications/Firefox.app/Contents/MacOS/firefox-bin
1482735693212	geckodriver::marionette	INFO	Connecting to Marionette on localhost:51329
[warn] kq_init: detected broken kqueue; not using.: Undefined error: 0
1482735693666	Marionette	INFO	Listening on port 51329
[warn] kq_init: detected broken kqueue; not using.: Undefined error: 0
[Child 62695] ###!!! ABORT: Aborting on channel error.: file /builds/slave/m-rel-m64-00000000000000000000/build/src/ipc/glue/MessageChannel.cpp, line 2056
[Child 62695] ###!!! ABORT: Aborting on channel error.: file /builds/slave/m-rel-m64-00000000000000000000/build/src/ipc/glue/MessageChannel.cpp, line 2056
